Performing C SOURCE FILE Test CMAKE_HAVE_LIBC_PTHREAD failed with the following output:
Change Dir: /home/mitravind/grpc/examples/cpp/emotech/cmake/build/CMakeFiles/CMakeTmp

Run Build Command(s):/usr/bin/make -f Makefile cmTC_4c165/fast && /usr/bin/make  -f CMakeFiles/cmTC_4c165.dir/build.make CMakeFiles/cmTC_4c165.dir/build
make[1]: Entering directory '/home/mitravind/grpc/examples/cpp/emotech/cmake/build/CMakeFiles/CMakeTmp'
Building C object CMakeFiles/cmTC_4c165.dir/src.c.o
/usr/bin/cc -DCMAKE_HAVE_LIBC_PTHREAD   -o CMakeFiles/cmTC_4c165.dir/src.c.o -c /home/mitravind/grpc/examples/cpp/emotech/cmake/build/CMakeFiles/CMakeTmp/src.c
Linking C executable cmTC_4c165
/snap/cmake/876/bin/cmake -E cmake_link_script CMakeFiles/cmTC_4c165.dir/link.txt --verbose=1
/usr/bin/cc CMakeFiles/cmTC_4c165.dir/src.c.o -o cmTC_4c165 
CMakeFiles/cmTC_4c165.dir/src.c.o: In function `main':
src.c:(.text+0x3e): undefined reference to `pthread_create'
src.c:(.text+0x4a): undefined reference to `pthread_detach'
src.c:(.text+0x56): undefined reference to `pthread_cancel'
src.c:(.text+0x67): undefined reference to `pthread_join'
src.c:(.text+0x7b): undefined reference to `pthread_atfork'
collect2: error: ld returned 1 exit status
CMakeFiles/cmTC_4c165.dir/build.make:98: recipe for target 'cmTC_4c165' failed
make[1]: *** [cmTC_4c165] Error 1
make[1]: Leaving directory '/home/mitravind/grpc/examples/cpp/emotech/cmake/build/CMakeFiles/CMakeTmp'
Makefile:127: recipe for target 'cmTC_4c165/fast' failed
make: *** [cmTC_4c165/fast] Error 2


Source file was:
#include <pthread.h>

static void* test_func(void* data)
{
  return data;
}

int main(void)
{
  pthread_t thread;
  pthread_create(&thread, NULL, test_func, NULL);
  pthread_detach(thread);
  pthread_cancel(thread);
  pthread_join(thread, NULL);
  pthread_atfork(NULL, NULL, NULL);
  pthread_exit(NULL);

  return 0;
}

Determining if the function pthread_create exists in the pthreads failed with the following output:
Change Dir: /home/mitravind/grpc/examples/cpp/emotech/cmake/build/CMakeFiles/CMakeTmp

Run Build Command(s):/usr/bin/make -f Makefile cmTC_dc558/fast && /usr/bin/make  -f CMakeFiles/cmTC_dc558.dir/build.make CMakeFiles/cmTC_dc558.dir/build
make[1]: Entering directory '/home/mitravind/grpc/examples/cpp/emotech/cmake/build/CMakeFiles/CMakeTmp'
Building C object CMakeFiles/cmTC_dc558.dir/CheckFunctionExists.c.o
/usr/bin/cc   -DCHECK_FUNCTION_EXISTS=pthread_create -o CMakeFiles/cmTC_dc558.dir/CheckFunctionExists.c.o -c /snap/cmake/876/share/cmake-3.20/Modules/CheckFunctionExists.c
Linking C executable cmTC_dc558
/snap/cmake/876/bin/cmake -E cmake_link_script CMakeFiles/cmTC_dc558.dir/link.txt --verbose=1
/usr/bin/cc  -DCHECK_FUNCTION_EXISTS=pthread_create CMakeFiles/cmTC_dc558.dir/CheckFunctionExists.c.o -o cmTC_dc558  -lpthreads 
/usr/bin/ld: cannot find -lpthreads
collect2: error: ld returned 1 exit status
CMakeFiles/cmTC_dc558.dir/build.make:98: recipe for target 'cmTC_dc558' failed
make[1]: *** [cmTC_dc558] Error 1
make[1]: Leaving directory '/home/mitravind/grpc/examples/cpp/emotech/cmake/build/CMakeFiles/CMakeTmp'
Makefile:127: recipe for target 'cmTC_dc558/fast' failed
make: *** [cmTC_dc558/fast] Error 2



